2026-02-10 20:46:48,134 - INFO - Starting data ingestion...
2026-02-10 20:46:48,160 - INFO - Data ingestion completed. Dataset shape: (5500, 17)
2026-02-10 20:46:48,161 - INFO - Starting data preprocessing...
2026-02-10 20:46:48,161 - INFO - Data preprocessing completed. Dataset shape after preprocessing: (5500, 17)
2026-02-10 20:46:48,162 - INFO - Starting model building...
2026-02-10 20:46:48,174 - INFO - Model building completed. Preprocessor and pipelines created successfully.
2026-02-10 20:46:48,174 - INFO - Starting model training and evaluation...
2026-02-10 20:46:48,174 - INFO - Training LinearRegression...
2026-02-10 20:46:48,370 - INFO - LinearRegression Done.
2026-02-10 20:46:48,370 - INFO - Training DecisionTreeRegressor...
2026-02-10 20:46:48,452 - INFO - DecisionTreeRegressor Done.
2026-02-10 20:46:48,452 - INFO - Training RandomForestRegressor...
2026-02-10 20:46:52,250 - INFO - RandomForestRegressor Done.
2026-02-10 20:46:52,250 - INFO - Training GradientBoostingRegressor...
2026-02-10 20:46:53,367 - INFO - GradientBoostingRegressor Done.
2026-02-10 20:46:53,368 - INFO - Training AdaBoostRegressor...
2026-02-10 20:46:54,033 - INFO - AdaBoostRegressor Done.
2026-02-10 20:46:54,033 - INFO - Training SVR...
2026-02-10 20:46:55,903 - INFO - SVR Done.
2026-02-10 20:46:55,903 - INFO - Training KNeighborsRegressor...
2026-02-10 20:46:59,926 - INFO - KNeighborsRegressor Done.
2026-02-10 21:51:30,789 - INFO - Starting data ingestion...
2026-02-10 21:51:30,875 - INFO - Data ingestion completed. Dataset shape: (5500, 17)
2026-02-10 21:51:30,875 - INFO - Starting data preprocessing...
2026-02-10 21:51:30,877 - INFO - Data preprocessing completed. Dataset shape after preprocessing: (5500, 17)
2026-02-10 21:51:30,877 - INFO - Starting model building...
2026-02-10 21:51:32,980 - INFO - Model building completed. Preprocessor and pipelines created successfully.
2026-02-10 21:51:32,980 - INFO - Starting model training and evaluation...
2026-02-10 21:51:32,982 - INFO - Training LinearRegression...
2026-02-10 21:51:33,195 - INFO - LinearRegression Done.
2026-02-10 21:51:33,195 - INFO - Training DecisionTreeRegressor...
2026-02-10 21:51:33,341 - INFO - DecisionTreeRegressor Done.
2026-02-10 21:51:33,341 - INFO - Training RandomForestRegressor...
2026-02-10 21:51:38,434 - INFO - RandomForestRegressor Done.
2026-02-10 21:51:38,434 - INFO - Training GradientBoostingRegressor...
2026-02-10 21:51:40,312 - INFO - GradientBoostingRegressor Done.
2026-02-10 21:51:40,312 - INFO - Training AdaBoostRegressor...
2026-02-10 21:51:41,363 - INFO - AdaBoostRegressor Done.
2026-02-10 21:51:41,363 - INFO - Training SVR...
2026-02-10 21:51:44,169 - INFO - SVR Done.
2026-02-10 21:51:44,169 - INFO - Training KNeighborsRegressor...
2026-02-10 21:51:44,287 - INFO - KNeighborsRegressor Done.
